{"total": {"lines":{"total":453,"covered":436,"skipped":0,"pct":96.24},"statements":{"total":607,"covered":552,"skipped":0,"pct":90.93},"functions":{"total":108,"covered":104,"skipped":0,"pct":96.29},"branches":{"total":467,"covered":362,"skipped":0,"pct":77.51},"branchesTrue":{"total":0,"covered":0,"skipped":0,"pct":"Unknown"}}
,"/Users/abdulaziz/Projects/Massar/massar-engine/src/audience.ts": {"lines":{"total":77,"covered":69,"skipped":0,"pct":89.61},"functions":{"total":16,"covered":14,"skipped":0,"pct":87.5},"statements":{"total":103,"covered":80,"skipped":0,"pct":77.66},"branches":{"total":78,"covered":48,"skipped":0,"pct":61.53}}
,"/Users/abdulaziz/Projects/Massar/massar-engine/src/facts.ts": {"lines":{"total":62,"covered":57,"skipped":0,"pct":91.93},"functions":{"total":9,"covered":9,"skipped":0,"pct":100},"statements":{"total":89,"covered":71,"skipped":0,"pct":79.77},"branches":{"total":93,"covered":61,"skipped":0,"pct":65.59}}
,"/Users/abdulaziz/Projects/Massar/massar-engine/src/opps-domain.ts": {"lines":{"total":61,"covered":60,"skipped":0,"pct":98.36},"functions":{"total":20,"covered":20,"skipped":0,"pct":100},"statements":{"total":76,"covered":75,"skipped":0,"pct":98.68},"branches":{"total":56,"covered":52,"skipped":0,"pct":92.85}}
,"/Users/abdulaziz/Projects/Massar/massar-engine/src/reports-domain.ts": {"lines":{"total":7,"covered":7,"skipped":0,"pct":100},"functions":{"total":3,"covered":3,"skipped":0,"pct":100},"statements":{"total":10,"covered":10,"skipped":0,"pct":100},"branches":{"total":4,"covered":4,"skipped":0,"pct":100}}
,"/Users/abdulaziz/Projects/Massar/massar-engine/src/sales-domain.ts": {"lines":{"total":142,"covered":142,"skipped":0,"pct":100},"functions":{"total":34,"covered":34,"skipped":0,"pct":100},"statements":{"total":186,"covered":183,"skipped":0,"pct":98.38},"branches":{"total":134,"covered":116,"skipped":0,"pct":86.56}}
,"/Users/abdulaziz/Projects/Massar/massar-engine/src/signal-domain.ts": {"lines":{"total":104,"covered":101,"skipped":0,"pct":97.11},"functions":{"total":26,"covered":24,"skipped":0,"pct":92.3},"statements":{"total":143,"covered":133,"skipped":0,"pct":93},"branches":{"total":102,"covered":81,"skipped":0,"pct":79.41}}
}
