{"total": {"lines":{"total":2016,"covered":1933,"skipped":0,"pct":95.88},"statements":{"total":2836,"covered":2612,"skipped":0,"pct":92.1},"functions":{"total":470,"covered":448,"skipped":0,"pct":95.31},"branches":{"total":2683,"covered":2221,"skipped":0,"pct":82.78},"branchesTrue":{"total":0,"covered":0,"skipped":0,"pct":"Unknown"}}
,"/Users/abdulaziz/Projects/Massar/massar-engine/src/acceptance-domain.ts": {"lines":{"total":59,"covered":59,"skipped":0,"pct":100},"functions":{"total":7,"covered":7,"skipped":0,"pct":100},"statements":{"total":82,"covered":78,"skipped":0,"pct":95.12},"branches":{"total":50,"covered":40,"skipped":0,"pct":80}}
,"/Users/abdulaziz/Projects/Massar/massar-engine/src/account-domain.ts": {"lines":{"total":189,"covered":185,"skipped":0,"pct":97.88},"functions":{"total":18,"covered":18,"skipped":0,"pct":100},"statements":{"total":283,"covered":261,"skipped":0,"pct":92.22},"branches":{"total":317,"covered":277,"skipped":0,"pct":87.38}}
,"/Users/abdulaziz/Projects/Massar/massar-engine/src/audience.ts": {"lines":{"total":132,"covered":87,"skipped":0,"pct":65.9},"functions":{"total":26,"covered":15,"skipped":0,"pct":57.69},"statements":{"total":183,"covered":103,"skipped":0,"pct":56.28},"branches":{"total":157,"covered":60,"skipped":0,"pct":38.21}}
,"/Users/abdulaziz/Projects/Massar/massar-engine/src/campaign-results-domain.ts": {"lines":{"total":62,"covered":62,"skipped":0,"pct":100},"functions":{"total":17,"covered":17,"skipped":0,"pct":100},"statements":{"total":99,"covered":98,"skipped":0,"pct":98.98},"branches":{"total":78,"covered":75,"skipped":0,"pct":96.15}}
,"/Users/abdulaziz/Projects/Massar/massar-engine/src/config-domain.ts": {"lines":{"total":131,"covered":125,"skipped":0,"pct":95.41},"functions":{"total":15,"covered":15,"skipped":0,"pct":100},"statements":{"total":151,"covered":142,"skipped":0,"pct":94.03},"branches":{"total":199,"covered":173,"skipped":0,"pct":86.93}}
,"/Users/abdulaziz/Projects/Massar/massar-engine/src/date-field-domain.ts": {"lines":{"total":48,"covered":46,"skipped":0,"pct":95.83},"functions":{"total":13,"covered":12,"skipped":0,"pct":92.3},"statements":{"total":67,"covered":63,"skipped":0,"pct":94.02},"branches":{"total":55,"covered":48,"skipped":0,"pct":87.27}}
,"/Users/abdulaziz/Projects/Massar/massar-engine/src/facts.ts": {"lines":{"total":62,"covered":57,"skipped":0,"pct":91.93},"functions":{"total":9,"covered":9,"skipped":0,"pct":100},"statements":{"total":89,"covered":71,"skipped":0,"pct":79.77},"branches":{"total":93,"covered":61,"skipped":0,"pct":65.59}}
,"/Users/abdulaziz/Projects/Massar/massar-engine/src/home-domain.ts": {"lines":{"total":40,"covered":40,"skipped":0,"pct":100},"functions":{"total":7,"covered":7,"skipped":0,"pct":100},"statements":{"total":54,"covered":52,"skipped":0,"pct":96.29},"branches":{"total":50,"covered":43,"skipped":0,"pct":86}}
,"/Users/abdulaziz/Projects/Massar/massar-engine/src/indicator-domain.ts": {"lines":{"total":242,"covered":242,"skipped":0,"pct":100},"functions":{"total":80,"covered":80,"skipped":0,"pct":100},"statements":{"total":370,"covered":354,"skipped":0,"pct":95.67},"branches":{"total":304,"covered":271,"skipped":0,"pct":89.14}}
,"/Users/abdulaziz/Projects/Massar/massar-engine/src/knowledge-domain.ts": {"lines":{"total":97,"covered":97,"skipped":0,"pct":100},"functions":{"total":14,"covered":14,"skipped":0,"pct":100},"statements":{"total":147,"covered":142,"skipped":0,"pct":96.59},"branches":{"total":131,"covered":113,"skipped":0,"pct":86.25}}
,"/Users/abdulaziz/Projects/Massar/massar-engine/src/number-field-domain.ts": {"lines":{"total":41,"covered":41,"skipped":0,"pct":100},"functions":{"total":9,"covered":9,"skipped":0,"pct":100},"statements":{"total":54,"covered":54,"skipped":0,"pct":100},"branches":{"total":73,"covered":67,"skipped":0,"pct":91.78}}
,"/Users/abdulaziz/Projects/Massar/massar-engine/src/opp-work-domain.ts": {"lines":{"total":109,"covered":109,"skipped":0,"pct":100},"functions":{"total":16,"covered":16,"skipped":0,"pct":100},"statements":{"total":150,"covered":143,"skipped":0,"pct":95.33},"branches":{"total":218,"covered":199,"skipped":0,"pct":91.28}}
,"/Users/abdulaziz/Projects/Massar/massar-engine/src/opps-domain.ts": {"lines":{"total":61,"covered":60,"skipped":0,"pct":98.36},"functions":{"total":20,"covered":20,"skipped":0,"pct":100},"statements":{"total":76,"covered":75,"skipped":0,"pct":98.68},"branches":{"total":56,"covered":52,"skipped":0,"pct":92.85}}
,"/Users/abdulaziz/Projects/Massar/massar-engine/src/partner-domain.ts": {"lines":{"total":114,"covered":114,"skipped":0,"pct":100},"functions":{"total":18,"covered":16,"skipped":0,"pct":88.88},"statements":{"total":167,"covered":154,"skipped":0,"pct":92.21},"branches":{"total":173,"covered":145,"skipped":0,"pct":83.81}}
,"/Users/abdulaziz/Projects/Massar/massar-engine/src/pipeline-report-domain.ts": {"lines":{"total":214,"covered":210,"skipped":0,"pct":98.13},"functions":{"total":108,"covered":104,"skipped":0,"pct":96.29},"statements":{"total":304,"covered":294,"skipped":0,"pct":96.71},"branches":{"total":272,"covered":205,"skipped":0,"pct":75.36}}
,"/Users/abdulaziz/Projects/Massar/massar-engine/src/product-domain.ts": {"lines":{"total":81,"covered":80,"skipped":0,"pct":98.76},"functions":{"total":12,"covered":12,"skipped":0,"pct":100},"statements":{"total":109,"covered":108,"skipped":0,"pct":99.08},"branches":{"total":103,"covered":97,"skipped":0,"pct":94.17}}
,"/Users/abdulaziz/Projects/Massar/massar-engine/src/rbac-domain.ts": {"lines":{"total":40,"covered":40,"skipped":0,"pct":100},"functions":{"total":8,"covered":8,"skipped":0,"pct":100},"statements":{"total":52,"covered":50,"skipped":0,"pct":96.15},"branches":{"total":70,"covered":60,"skipped":0,"pct":85.71}}
,"/Users/abdulaziz/Projects/Massar/massar-engine/src/reports-domain.ts": {"lines":{"total":7,"covered":7,"skipped":0,"pct":100},"functions":{"total":3,"covered":3,"skipped":0,"pct":100},"statements":{"total":10,"covered":10,"skipped":0,"pct":100},"branches":{"total":4,"covered":4,"skipped":0,"pct":100}}
,"/Users/abdulaziz/Projects/Massar/massar-engine/src/sales-domain.ts": {"lines":{"total":162,"covered":151,"skipped":0,"pct":93.2},"functions":{"total":37,"covered":35,"skipped":0,"pct":94.59},"statements":{"total":214,"covered":196,"skipped":0,"pct":91.58},"branches":{"total":154,"covered":126,"skipped":0,"pct":81.81}}
,"/Users/abdulaziz/Projects/Massar/massar-engine/src/signal-domain.ts": {"lines":{"total":104,"covered":101,"skipped":0,"pct":97.11},"functions":{"total":26,"covered":24,"skipped":0,"pct":92.3},"statements":{"total":143,"covered":133,"skipped":0,"pct":93},"branches":{"total":102,"covered":81,"skipped":0,"pct":79.41}}
,"/Users/abdulaziz/Projects/Massar/massar-engine/src/stage-tone-domain.ts": {"lines":{"total":21,"covered":20,"skipped":0,"pct":95.23},"functions":{"total":7,"covered":7,"skipped":0,"pct":100},"statements":{"total":32,"covered":31,"skipped":0,"pct":96.87},"branches":{"total":24,"covered":24,"skipped":0,"pct":100}}
}
